#
# There is insufficient memory for the Java Runtime Environment to continue.
# Native memory allocation (malloc) failed to allocate 1048576 bytes for AllocateHeap
# Possible reasons:
#   The system is out of physical RAM or swap space
#   In 32 bit mode, the process size limit was hit
# Possible solutions:
#   Reduce memory load on the system
#   Increase physical memory or swap space
#   Check if swap backing store is full
#   Use 64 bit Java on a 64 bit OS
#   Decrease Java heap size (-Xmx/-Xms)
#   Decrease number of Java threads
#   Decrease Java thread stack sizes (-Xss)
#   Set larger code cache with -XX:ReservedCodeCacheSize=
# This output file may be truncated or incomplete.
#
#  Out of Memory Error (memory/allocation.inline.hpp:61), pid=26696, tid=0x0000000000002a84
#
# JRE version:  (8.0_181-b13) (build )
# Java VM: Java HotSpot(TM) 64-Bit Server VM (25.181-b13 mixed mode windows-amd64 compressed oops)
# Failed to write core dump. Minidumps are not enabled by default on client versions of Windows
#

---------------  T H R E A D  ---------------

Current thread (0x0000000002e12800):  JavaThread "Unknown thread" [_thread_in_vm, id=10884, stack(0x0000000002d10000,0x0000000002e10000)]

Stack: [0x0000000002d10000,0x0000000002e10000]
[error occurred during error reporting (printing stack bounds), id 0xc0000005]

Native frames: (J=compiled Java code, j=interpreted, Vv=VM code, C=native code)


---------------  P R O C E S S  ---------------

Java Threads: ( => current thread )

Other Threads:

=>0x0000000002e12800 (exited) JavaThread "Unknown thread" [_thread_in_vm, id=10884, stack(0x0000000002d10000,0x0000000002e10000)]

VM state:not at safepoint (normal execution)

VM Mutex/Monitor currently owned by a thread: None

Heap:
 PSYoungGen      total 153088K, used 2631K [0x0000000715c00000, 0x0000000720680000, 0x00000007c0000000)
  eden space 131584K, 2% used [0x0000000715c00000,0x0000000715e91ec8,0x000000071dc80000)
  from space 21504K, 0% used [0x000000071f180000,0x000000071f180000,0x0000000720680000)
  to   space 21504K, 0% used [0x000000071dc80000,0x000000071dc80000,0x000000071f180000)
 ParOldGen       total 349696K, used 0K [0x00000005c1400000, 0x00000005d6980000, 0x0000000715c00000)
  object space 349696K, 0% used [0x00000005c1400000,0x00000005c1400000,0x00000005d6980000)
 Metaspace       used 775K, capacity 4480K, committed 4480K, reserved 1056768K
  class space    used 76K, capacity 384K, committed 384K, reserved 1048576K

Card table byte_map: [0x00000000122d0000,0x00000000132d0000] byte_map_base: 0x000000000f4c6000

Marking Bits: (ParMarkBitMap*) 0x0000000061792d00
 Begin Bits: [0x0000000014580000, 0x000000001c530000)
 End Bits:   [0x000000001c530000, 0x00000000244e0000)

Polling page: 0x0000000001630000

CodeCache: size=245760Kb used=328Kb max_used=328Kb free=245431Kb
 bounds [0x0000000002f10000, 0x0000000003180000, 0x0000000011f10000]
 total_blobs=58 nmethods=0 adapters=38
 compilation: enabled

Compilation events (0 events):
No events

GC Heap History (0 events):
No events

Deoptimization events (0 events):
No events

Classes redefined (0 events):
No events

Internal exceptions (0 events):
No events

Events (10 events):
Event: 0.043 loading class java/lang/Short
Event: 0.043 loading class java/lang/Short done
Event: 0.043 loading class java/lang/Integer
Event: 0.043 loading class java/lang/Integer done
Event: 0.043 loading class java/lang/Long
Event: 0.043 loading class java/lang/Long done
Event: 0.044 loading class java/lang/NullPointerException
Event: 0.044 loading class java/lang/NullPointerException done
Event: 0.044 loading class java/lang/ArithmeticException
Event: 0.044 loading class java/lang/ArithmeticException done


Dynamic libraries:
0x00007ff7c39f0000 - 0x00007ff7c3a27000 	C:\Program Files\Java\jdk1.8.0_181\bin\java.exe
0x00007ffbdcfb0000 - 0x00007ffbdd191000 	C:\Windows\SYSTEM32\ntdll.dll
0x00007ffbdce60000 - 0x00007ffbdcf11000 	C:\Windows\System32\KERNEL32.DLL
0x00007ffbd96e0000 - 0x00007ffbd9953000 	C:\Windows\System32\KERNELBASE.dll
0x00007ffbdacf0000 - 0x00007ffbdad91000 	C:\Windows\System32\ADVAPI32.dll
0x00007ffbda870000 - 0x00007ffbda90e000 	C:\Windows\System32\msvcrt.dll
0x00007ffbdcf20000 - 0x00007ffbdcf7b000 	C:\Windows\System32\sechost.dll
0x00007ffbda5d0000 - 0x00007ffbda6f4000 	C:\Windows\System32\RPCRT4.dll
0x00007ffbda440000 - 0x00007ffbda5d0000 	C:\Windows\System32\USER32.dll
0x00007ffbda120000 - 0x00007ffbda140000 	C:\Windows\System32\win32u.dll
0x00007ffbdb310000 - 0x00007ffbdb338000 	C:\Windows\System32\GDI32.dll
0x00007ffbda1a0000 - 0x00007ffbda332000 	C:\Windows\System32\gdi32full.dll
0x00007ffbd95f0000 - 0x00007ffbd968f000 	C:\Windows\System32\msvcp_win.dll
0x00007ffbda340000 - 0x00007ffbda438000 	C:\Windows\System32\ucrtbase.dll
0x00007ffbce2f0000 - 0x00007ffbce559000 	C:\Windows\WinSxS\amd64_microsoft.windows.common-controls_6595b64144ccf1df_6.0.17134.706_none_fb43a2cb30647007\COMCTL32.dll
0x00007ffbdadd0000 - 0x00007ffbdb0f2000 	C:\Windows\System32\combase.dll
0x00007ffbd9570000 - 0x00007ffbd95ea000 	C:\Windows\System32\bcryptPrimitives.dll
0x00007ffbdada0000 - 0x00007ffbdadcd000 	C:\Windows\System32\IMM32.DLL
0x00007ffbd84a0000 - 0x00007ffbd84d1000 	C:\Windows\SYSTEM32\ntmarta.dll
0x00007ffbd91f0000 - 0x00007ffbd9220000 	C:\Windows\SYSTEM32\SspiCli.dll
0x0000000061820000 - 0x00000000618f2000 	C:\Program Files\Java\jdk1.8.0_181\jre\bin\msvcr100.dll
0x0000000060f70000 - 0x0000000061812000 	C:\Program Files\Java\jdk1.8.0_181\jre\bin\server\jvm.dll
0x00007ffbda860000 - 0x00007ffbda868000 	C:\Windows\System32\PSAPI.DLL
0x00007ffbbfc40000 - 0x00007ffbbfc49000 	C:\Windows\SYSTEM32\WSOCK32.dll
0x00007ffbdb800000 - 0x00007ffbdb86c000 	C:\Windows\System32\WS2_32.dll
0x00007ffbd2d10000 - 0x00007ffbd2d33000 	C:\Windows\SYSTEM32\WINMM.dll
0x00007ffbd2f80000 - 0x00007ffbd2f8a000 	C:\Windows\SYSTEM32\VERSION.dll
0x00007ffbd2c80000 - 0x00007ffbd2caa000 	C:\Windows\SYSTEM32\WINMMBASE.dll
0x00007ffbd9690000 - 0x00007ffbd96d9000 	C:\Windows\System32\cfgmgr32.dll
0x0000000060f60000 - 0x0000000060f6f000 	C:\Program Files\Java\jdk1.8.0_181\jre\bin\verify.dll
0x0000000060f30000 - 0x0000000060f59000 	C:\Program Files\Java\jdk1.8.0_181\jre\bin\java.dll
0x0000000060f10000 - 0x0000000060f26000 	C:\Program Files\Java\jdk1.8.0_181\jre\bin\zip.dll

VM Arguments:
java_command: <unknown>
java_class_path (initial): .
Launcher Type: SUN_STANDARD

Environment Variables:
JAVA_HOME=C:\Program Files\Java\jdk1.8.0_181
PATH=C:\Program Files\Java\jdk1.8.0_181\bin;C:\Program Files (x86)\NVIDIA Corporation\PhysX\Common;C:\Windows\system32;C:\Windows;C:\Windows\System32\Wbem;C:\Windows\System32\WindowsPowerShell\v1.0\;C:\Windows\System32\OpenSSH\;C:\Program Files\dotnet\;C:\Program Files\Microsoft SQL Server\130\Tools\Binn\;C:\Program Files\Git\cmd;C:\Program Files\Git\mingw64\bin;C:\Program Files\Git\usr\bin;C:\Program Files\MySQL\MySQL Utilities 1.6\;C:\Program Files (x86)\Microsoft Visual Studio\Shared\Python36_64;C:\Program Files (x86)\Microsoft Visual Studio\Shared\Python36_64\Scripts;C:\bin\poppler-0.68.0\bin;;C:\PostgreSQL\pg11\bin;C:\Program Files\nodejs\;C:\Program Files\Microsoft SQL Server\Client SDK\ODBC\110\Tools\Binn\;C:\Program Files (x86)\Microsoft SQL Server\120\Tools\Binn\;C:\Program Files\Microsoft SQL Server\120\Tools\Binn\;C:\Program Files\Microsoft SQL Server\120\DTS\Binn\;C:\Program Files (x86)\Windows Kits\8.1\Windows Performance Toolkit\;C:\Program Files\Microsoft SQL Server\Client SDK\ODBC\170\Tools\Binn\;C:\Program Files (x86)\Microsoft SQL Server\150\DTS\Binn\;C:\Program Files\Microsoft SQL Server\Client SDK\ODBC\130\Tools\Binn\;C:\Program Files (x86)\Microsoft SQL Server\140\Tools\Binn\;C:\Program Files\Microsoft SQL Server\140\Tools\Binn\;C:\Program Files\Microsoft SQL Server\140\DTS\Binn\;C:\Program Files (x86)\Microsoft SQL Server\Client SDK\ODBC\130\Tools\Binn\;C:\Program Files (x86)\Microsoft SQL Server\140\DTS\Binn\;C:\Program Files (x86)\Microsoft SQL Server\140\Tools\Binn\ManagementStudio\;C:\Users\Stephan\AppData\Local\Microsoft\WindowsApps;C:\Users\Stephan\AppData\Local\Programs\Microsoft VS Code Insiders\bin;C:\Users\Stephan\AppData\Local\GitHubDesktop\bin;C:\Users\Stephan\AppData\Local\Programs\Fiddler;C:\Users\Stephan\.dotnet\tools;C:\Users\Stephan\AppData\Local\Google\Cloud SDK\google-cloud-sdk\bin;C:\Users\Stephan\AppData\Roaming\npm
USERNAME=Stephan
OS=Windows_NT
PROCESSOR_IDENTIFIER=Intel64 Family 6 Model 60 Stepping 3, GenuineIntel



---------------  S Y S T E M  ---------------

OS: Windows 10.0 , 64 bit Build 17134 (10.0.17134.706)

CPU:total 8 (initial active 8) (4 cores per cpu, 2 threads per core) family 6 model 60 stepping 3, cmov, cx8, fxsr, mmx, sse, sse2, sse3, ssse3, sse4.1, sse4.2, popcnt, avx, avx2, aes, clmul, erms, lzcnt, ht, tsc, tscinvbit, bmi1, bmi2

Memory: 4k page, physical 33469708k(13098384k free), swap 33469708k(5408k free)

vm_info: Java HotSpot(TM) 64-Bit Server VM (25.181-b13) for windows-amd64 JRE (1.8.0_181-b13), built on Jul  7 2018 04:01:33 by "java_re" with MS VC++ 10.0 (VS2010)

time: Thu Apr 25 19:55:24 2019
elapsed time: 0 seconds (0d 0h 0m 0s)

